<?xml version="1.0" encoding="UTF-8"?>
<!-- Generated by org.testng.reporters.JUnitXMLReporter -->
<testsuite ignored="0" hostname="LTIN197254" failures="0" tests="3" name="Chrome Test" time="35.515" errors="0" timestamp="2022-10-23T22:02:10 IST">
  <testcase classname="lambdatestjava.LambdaTestJava3" name="testScenario3" time="4.803"/>
  <testcase classname="lambdatestjava.LambdaTestJava2" name="testScenario2" time="8.464"/>
  <testcase classname="lambdatestjava.LambdaTestJava" name="testScenario1" time="0.786"/>
</testsuite> <!-- Chrome Test -->
