<?xml version="1.0" encoding="UTF-8"?>
<!-- Generated by org.testng.reporters.JUnitXMLReporter -->
<testsuite ignored="0" hostname="LTIN197254" failures="0" tests="3" name="Firefox Test" time="36.882" errors="0" timestamp="2022-10-23T22:02:47 IST">
  <testcase classname="lambdatestjava.LambdaTestJava" name="testScenario1" time="0.771"/>
  <testcase classname="lambdatestjava.LambdaTestJava3" name="testScenario3" time="4.158"/>
  <testcase classname="lambdatestjava.LambdaTestJava2" name="testScenario2" time="7.546"/>
</testsuite> <!-- Firefox Test -->
