<?xml version="1.0" encoding="UTF-8"?>
<!-- Generated by org.testng.reporters.JUnitXMLReporter -->
<testsuite ignored="0" hostname="LTIN197254" failures="0" tests="3" name="Microsoft Edge Test" time="30.236" errors="0" timestamp="2022-10-23T22:03:17 IST">
  <testcase classname="lambdatestjava.LambdaTestJava2" name="testScenario2" time="7.086"/>
  <testcase classname="lambdatestjava.LambdaTestJava3" name="testScenario3" time="5.041"/>
  <testcase classname="lambdatestjava.LambdaTestJava" name="testScenario1" time="0.781"/>
</testsuite> <!-- Microsoft Edge Test -->
