<?xml version="1.0" encoding="UTF-8"?>
<testng-results ignored="0" total="12" passed="12" failed="0" skipped="0">
  <reporter-output>
  </reporter-output>
  <suite started-at="2022-10-23T22:01:34 IST" name="Parallel Test Suite" finished-at="2022-10-23T22:03:48 IST" duration-ms="133611">
    <groups>
    </groups>
    <test started-at="2022-10-23T22:01:34 IST" name="Chrome Test" finished-at="2022-10-23T22:02:10 IST" duration-ms="35515">
      <class name="lambdatestjava.LambdaTestJava3">
        <test-method is-config="true" signature="setUp(java.lang.String,java.lang.String,java.lang.String)[pri:0, instance:lambdatestjava.LambdaTestJava3@5824a83d]" started-at="2022-10-23T22:01:34 IST" name="setUp" finished-at="2022-10-23T22:01:49 IST" duration-ms="14536" status="PASS">
          <params>
            <param index="0">
              <value>
                <![CDATA[chrome]]>
              </value>
            </param>
            <param index="1">
              <value>
                <![CDATA[88.0]]>
              </value>
            </param>
            <param index="2">
              <value>
                <![CDATA[WIN10]]>
              </value>
            </param>
          </params>
          <reporter-output>
          </reporter-output>
        </test-method> <!-- setUp -->
        <test-method signature="testScenario3()[pri:0, instance:lambdatestjava.LambdaTestJava3@5824a83d]" started-at="2022-10-23T22:01:49 IST" name="testScenario3" finished-at="2022-10-23T22:01:54 IST" duration-ms="4803" status="PASS">
          <reporter-output>
          </reporter-output>
        </test-method> <!-- testScenario3 -->
        <test-method is-config="true" signature="tearDown()[pri:0, instance:lambdatestjava.LambdaTestJava3@5824a83d]" started-at="2022-10-23T22:01:54 IST" name="tearDown" finished-at="2022-10-23T22:01:56 IST" duration-ms="2027" status="PASS">
          <reporter-output>
          </reporter-output>
        </test-method> <!-- tearDown -->
      </class> <!-- lambdatestjava.LambdaTestJava3 -->
      <class name="lambdatestjava.LambdaTestJava2">
        <test-method is-config="true" signature="setUp(java.lang.String,java.lang.String,java.lang.String)[pri:0, instance:lambdatestjava.LambdaTestJava2@7b36aa0c]" started-at="2022-10-23T22:01:34 IST" name="setUp" finished-at="2022-10-23T22:01:49 IST" duration-ms="14477" status="PASS">
          <params>
            <param index="0">
              <value>
                <![CDATA[chrome]]>
              </value>
            </param>
            <param index="1">
              <value>
                <![CDATA[88.0]]>
              </value>
            </param>
            <param index="2">
              <value>
                <![CDATA[WIN10]]>
              </value>
            </param>
          </params>
          <reporter-output>
          </reporter-output>
        </test-method> <!-- setUp -->
        <test-method signature="testScenario2()[pri:0, instance:lambdatestjava.LambdaTestJava2@7b36aa0c]" started-at="2022-10-23T22:01:49 IST" name="testScenario2" finished-at="2022-10-23T22:01:57 IST" duration-ms="8464" status="PASS">
          <reporter-output>
          </reporter-output>
        </test-method> <!-- testScenario2 -->
        <test-method is-config="true" signature="tearDown()[pri:0, instance:lambdatestjava.LambdaTestJava2@7b36aa0c]" started-at="2022-10-23T22:01:57 IST" name="tearDown" finished-at="2022-10-23T22:01:59 IST" duration-ms="1973" status="PASS">
          <reporter-output>
          </reporter-output>
        </test-method> <!-- tearDown -->
      </class> <!-- lambdatestjava.LambdaTestJava2 -->
      <class name="lambdatestjava.LambdaTestJava">
        <test-method is-config="true" signature="setUp(java.lang.String,java.lang.String,java.lang.String)[pri:0, instance:lambdatestjava.LambdaTestJava@a38c7fe]" started-at="2022-10-23T22:01:34 IST" name="setUp" finished-at="2022-10-23T22:02:07 IST" duration-ms="32729" status="PASS">
          <params>
            <param index="0">
              <value>
                <![CDATA[chrome]]>
              </value>
            </param>
            <param index="1">
              <value>
                <![CDATA[88.0]]>
              </value>
            </param>
            <param index="2">
              <value>
                <![CDATA[WIN10]]>
              </value>
            </param>
          </params>
          <reporter-output>
          </reporter-output>
        </test-method> <!-- setUp -->
        <test-method signature="testScenario1()[pri:0, instance:lambdatestjava.LambdaTestJava@a38c7fe]" started-at="2022-10-23T22:02:07 IST" name="testScenario1" finished-at="2022-10-23T22:02:08 IST" duration-ms="786" status="PASS">
          <reporter-output>
          </reporter-output>
        </test-method> <!-- testScenario1 -->
        <test-method is-config="true" signature="tearDown()[pri:0, instance:lambdatestjava.LambdaTestJava@a38c7fe]" started-at="2022-10-23T22:02:08 IST" name="tearDown" finished-at="2022-10-23T22:02:10 IST" duration-ms="1925" status="PASS">
          <reporter-output>
          </reporter-output>
        </test-method> <!-- tearDown -->
      </class> <!-- lambdatestjava.LambdaTestJava -->
    </test> <!-- Chrome Test -->
    <test started-at="2022-10-23T22:02:10 IST" name="Firefox Test" finished-at="2022-10-23T22:02:47 IST" duration-ms="36882">
      <class name="lambdatestjava.LambdaTestJava3">
        <test-method is-config="true" signature="setUp(java.lang.String,java.lang.String,java.lang.String)[pri:0, instance:lambdatestjava.LambdaTestJava3@7674f035]" started-at="2022-10-23T22:02:10 IST" name="setUp" finished-at="2022-10-23T22:02:27 IST" duration-ms="17067" status="PASS">
          <params>
            <param index="0">
              <value>
                <![CDATA[firefox]]>
              </value>
            </param>
            <param index="1">
              <value>
                <![CDATA[82.0]]>
              </value>
            </param>
            <param index="2">
              <value>
                <![CDATA[WIN7]]>
              </value>
            </param>
          </params>
          <reporter-output>
          </reporter-output>
        </test-method> <!-- setUp -->
        <test-method signature="testScenario3()[pri:0, instance:lambdatestjava.LambdaTestJava3@7674f035]" started-at="2022-10-23T22:02:27 IST" name="testScenario3" finished-at="2022-10-23T22:02:31 IST" duration-ms="4158" status="PASS">
          <reporter-output>
          </reporter-output>
        </test-method> <!-- testScenario3 -->
        <test-method is-config="true" signature="tearDown()[pri:0, instance:lambdatestjava.LambdaTestJava3@7674f035]" started-at="2022-10-23T22:02:31 IST" name="tearDown" finished-at="2022-10-23T22:02:33 IST" duration-ms="2197" status="PASS">
          <reporter-output>
          </reporter-output>
        </test-method> <!-- tearDown -->
      </class> <!-- lambdatestjava.LambdaTestJava3 -->
      <class name="lambdatestjava.LambdaTestJava2">
        <test-method is-config="true" signature="setUp(java.lang.String,java.lang.String,java.lang.String)[pri:0, instance:lambdatestjava.LambdaTestJava2@2cf3d63b]" started-at="2022-10-23T22:02:10 IST" name="setUp" finished-at="2022-10-23T22:02:37 IST" duration-ms="27026" status="PASS">
          <params>
            <param index="0">
              <value>
                <![CDATA[firefox]]>
              </value>
            </param>
            <param index="1">
              <value>
                <![CDATA[82.0]]>
              </value>
            </param>
            <param index="2">
              <value>
                <![CDATA[WIN7]]>
              </value>
            </param>
          </params>
          <reporter-output>
          </reporter-output>
        </test-method> <!-- setUp -->
        <test-method signature="testScenario2()[pri:0, instance:lambdatestjava.LambdaTestJava2@2cf3d63b]" started-at="2022-10-23T22:02:37 IST" name="testScenario2" finished-at="2022-10-23T22:02:44 IST" duration-ms="7546" status="PASS">
          <reporter-output>
          </reporter-output>
        </test-method> <!-- testScenario2 -->
        <test-method is-config="true" signature="tearDown()[pri:0, instance:lambdatestjava.LambdaTestJava2@2cf3d63b]" started-at="2022-10-23T22:02:44 IST" name="tearDown" finished-at="2022-10-23T22:02:47 IST" duration-ms="2304" status="PASS">
          <reporter-output>
          </reporter-output>
        </test-method> <!-- tearDown -->
      </class> <!-- lambdatestjava.LambdaTestJava2 -->
      <class name="lambdatestjava.LambdaTestJava">
        <test-method is-config="true" signature="setUp(java.lang.String,java.lang.String,java.lang.String)[pri:0, instance:lambdatestjava.LambdaTestJava@470734c3]" started-at="2022-10-23T22:02:10 IST" name="setUp" finished-at="2022-10-23T22:02:17 IST" duration-ms="7057" status="PASS">
          <params>
            <param index="0">
              <value>
                <![CDATA[firefox]]>
              </value>
            </param>
            <param index="1">
              <value>
                <![CDATA[82.0]]>
              </value>
            </param>
            <param index="2">
              <value>
                <![CDATA[WIN7]]>
              </value>
            </param>
          </params>
          <reporter-output>
          </reporter-output>
        </test-method> <!-- setUp -->
        <test-method signature="testScenario1()[pri:0, instance:lambdatestjava.LambdaTestJava@470734c3]" started-at="2022-10-23T22:02:17 IST" name="testScenario1" finished-at="2022-10-23T22:02:18 IST" duration-ms="771" status="PASS">
          <reporter-output>
          </reporter-output>
        </test-method> <!-- testScenario1 -->
        <test-method is-config="true" signature="tearDown()[pri:0, instance:lambdatestjava.LambdaTestJava@470734c3]" started-at="2022-10-23T22:02:18 IST" name="tearDown" finished-at="2022-10-23T22:02:20 IST" duration-ms="2279" status="PASS">
          <reporter-output>
          </reporter-output>
        </test-method> <!-- tearDown -->
      </class> <!-- lambdatestjava.LambdaTestJava -->
    </test> <!-- Firefox Test -->
    <test started-at="2022-10-23T22:02:47 IST" name="Microsoft Edge Test" finished-at="2022-10-23T22:03:17 IST" duration-ms="30236">
      <class name="lambdatestjava.LambdaTestJava3">
        <test-method is-config="true" signature="setUp(java.lang.String,java.lang.String,java.lang.String)[pri:0, instance:lambdatestjava.LambdaTestJava3@27406a17]" started-at="2022-10-23T22:02:47 IST" name="setUp" finished-at="2022-10-23T22:03:04 IST" duration-ms="17386" status="PASS">
          <params>
            <param index="0">
              <value>
                <![CDATA[edge]]>
              </value>
            </param>
            <param index="1">
              <value>
                <![CDATA[87.0]]>
              </value>
            </param>
            <param index="2">
              <value>
                <![CDATA[macOS Sierra]]>
              </value>
            </param>
          </params>
          <reporter-output>
          </reporter-output>
        </test-method> <!-- setUp -->
        <test-method signature="testScenario3()[pri:0, instance:lambdatestjava.LambdaTestJava3@27406a17]" started-at="2022-10-23T22:03:04 IST" name="testScenario3" finished-at="2022-10-23T22:03:09 IST" duration-ms="5041" status="PASS">
          <reporter-output>
          </reporter-output>
        </test-method> <!-- testScenario3 -->
        <test-method is-config="true" signature="tearDown()[pri:0, instance:lambdatestjava.LambdaTestJava3@27406a17]" started-at="2022-10-23T22:03:09 IST" name="tearDown" finished-at="2022-10-23T22:03:11 IST" duration-ms="1906" status="PASS">
          <reporter-output>
          </reporter-output>
        </test-method> <!-- tearDown -->
      </class> <!-- lambdatestjava.LambdaTestJava3 -->
      <class name="lambdatestjava.LambdaTestJava2">
        <test-method is-config="true" signature="setUp(java.lang.String,java.lang.String,java.lang.String)[pri:0, instance:lambdatestjava.LambdaTestJava2@76b1e9b8]" started-at="2022-10-23T22:02:47 IST" name="setUp" finished-at="2022-10-23T22:02:55 IST" duration-ms="8316" status="PASS">
          <params>
            <param index="0">
              <value>
                <![CDATA[edge]]>
              </value>
            </param>
            <param index="1">
              <value>
                <![CDATA[87.0]]>
              </value>
            </param>
            <param index="2">
              <value>
                <![CDATA[macOS Sierra]]>
              </value>
            </param>
          </params>
          <reporter-output>
          </reporter-output>
        </test-method> <!-- setUp -->
        <test-method signature="testScenario2()[pri:0, instance:lambdatestjava.LambdaTestJava2@76b1e9b8]" started-at="2022-10-23T22:02:55 IST" name="testScenario2" finished-at="2022-10-23T22:03:02 IST" duration-ms="7086" status="PASS">
          <reporter-output>
          </reporter-output>
        </test-method> <!-- testScenario2 -->
        <test-method is-config="true" signature="tearDown()[pri:0, instance:lambdatestjava.LambdaTestJava2@76b1e9b8]" started-at="2022-10-23T22:03:02 IST" name="tearDown" finished-at="2022-10-23T22:03:04 IST" duration-ms="1945" status="PASS">
          <reporter-output>
          </reporter-output>
        </test-method> <!-- tearDown -->
      </class> <!-- lambdatestjava.LambdaTestJava2 -->
      <class name="lambdatestjava.LambdaTestJava">
        <test-method is-config="true" signature="setUp(java.lang.String,java.lang.String,java.lang.String)[pri:0, instance:lambdatestjava.LambdaTestJava@17f62e33]" started-at="2022-10-23T22:02:47 IST" name="setUp" finished-at="2022-10-23T22:03:14 IST" duration-ms="27450" status="PASS">
          <params>
            <param index="0">
              <value>
                <![CDATA[edge]]>
              </value>
            </param>
            <param index="1">
              <value>
                <![CDATA[87.0]]>
              </value>
            </param>
            <param index="2">
              <value>
                <![CDATA[macOS Sierra]]>
              </value>
            </param>
          </params>
          <reporter-output>
          </reporter-output>
        </test-method> <!-- setUp -->
        <test-method signature="testScenario1()[pri:0, instance:lambdatestjava.LambdaTestJava@17f62e33]" started-at="2022-10-23T22:03:14 IST" name="testScenario1" finished-at="2022-10-23T22:03:15 IST" duration-ms="781" status="PASS">
          <reporter-output>
          </reporter-output>
        </test-method> <!-- testScenario1 -->
        <test-method is-config="true" signature="tearDown()[pri:0, instance:lambdatestjava.LambdaTestJava@17f62e33]" started-at="2022-10-23T22:03:15 IST" name="tearDown" finished-at="2022-10-23T22:03:17 IST" duration-ms="2001" status="PASS">
          <reporter-output>
          </reporter-output>
        </test-method> <!-- tearDown -->
      </class> <!-- lambdatestjava.LambdaTestJava -->
    </test> <!-- Microsoft Edge Test -->
    <test started-at="2022-10-23T22:03:17 IST" name="IE Test" finished-at="2022-10-23T22:03:48 IST" duration-ms="30845">
      <class name="lambdatestjava.LambdaTestJava3">
        <test-method is-config="true" signature="setUp(java.lang.String,java.lang.String,java.lang.String)[pri:0, instance:lambdatestjava.LambdaTestJava3@543295b0]" started-at="2022-10-23T22:03:17 IST" name="setUp" finished-at="2022-10-23T22:03:27 IST" duration-ms="9897" status="PASS">
          <params>
            <param index="0">
              <value>
                <![CDATA[ie]]>
              </value>
            </param>
            <param index="1">
              <value>
                <![CDATA[11.0]]>
              </value>
            </param>
            <param index="2">
              <value>
                <![CDATA[WIN10]]>
              </value>
            </param>
          </params>
          <reporter-output>
          </reporter-output>
        </test-method> <!-- setUp -->
        <test-method signature="testScenario3()[pri:0, instance:lambdatestjava.LambdaTestJava3@543295b0]" started-at="2022-10-23T22:03:27 IST" name="testScenario3" finished-at="2022-10-23T22:03:34 IST" duration-ms="6919" status="PASS">
          <reporter-output>
          </reporter-output>
        </test-method> <!-- testScenario3 -->
        <test-method is-config="true" signature="tearDown()[pri:0, instance:lambdatestjava.LambdaTestJava3@543295b0]" started-at="2022-10-23T22:03:34 IST" name="tearDown" finished-at="2022-10-23T22:03:36 IST" duration-ms="1717" status="PASS">
          <reporter-output>
          </reporter-output>
        </test-method> <!-- tearDown -->
      </class> <!-- lambdatestjava.LambdaTestJava3 -->
      <class name="lambdatestjava.LambdaTestJava2">
        <test-method is-config="true" signature="setUp(java.lang.String,java.lang.String,java.lang.String)[pri:0, instance:lambdatestjava.LambdaTestJava2@563f38c4]" started-at="2022-10-23T22:03:17 IST" name="setUp" finished-at="2022-10-23T22:03:34 IST" duration-ms="16946" status="PASS">
          <params>
            <param index="0">
              <value>
                <![CDATA[ie]]>
              </value>
            </param>
            <param index="1">
              <value>
                <![CDATA[11.0]]>
              </value>
            </param>
            <param index="2">
              <value>
                <![CDATA[WIN10]]>
              </value>
            </param>
          </params>
          <reporter-output>
          </reporter-output>
        </test-method> <!-- setUp -->
        <test-method signature="testScenario2()[pri:0, instance:lambdatestjava.LambdaTestJava2@563f38c4]" started-at="2022-10-23T22:03:34 IST" name="testScenario2" finished-at="2022-10-23T22:03:41 IST" duration-ms="7522" status="PASS">
          <reporter-output>
          </reporter-output>
        </test-method> <!-- testScenario2 -->
        <test-method is-config="true" signature="tearDown()[pri:0, instance:lambdatestjava.LambdaTestJava2@563f38c4]" started-at="2022-10-23T22:03:41 IST" name="tearDown" finished-at="2022-10-23T22:03:43 IST" duration-ms="1852" status="PASS">
          <reporter-output>
          </reporter-output>
        </test-method> <!-- tearDown -->
      </class> <!-- lambdatestjava.LambdaTestJava2 -->
      <class name="lambdatestjava.LambdaTestJava">
        <test-method is-config="true" signature="setUp(java.lang.String,java.lang.String,java.lang.String)[pri:0, instance:lambdatestjava.LambdaTestJava@3e8c3cb]" started-at="2022-10-23T22:03:17 IST" name="setUp" finished-at="2022-10-23T22:03:45 IST" duration-ms="28123" status="PASS">
          <params>
            <param index="0">
              <value>
                <![CDATA[ie]]>
              </value>
            </param>
            <param index="1">
              <value>
                <![CDATA[11.0]]>
              </value>
            </param>
            <param index="2">
              <value>
                <![CDATA[WIN10]]>
              </value>
            </param>
          </params>
          <reporter-output>
          </reporter-output>
        </test-method> <!-- setUp -->
        <test-method signature="testScenario1()[pri:0, instance:lambdatestjava.LambdaTestJava@3e8c3cb]" started-at="2022-10-23T22:03:45 IST" name="testScenario1" finished-at="2022-10-23T22:03:46 IST" duration-ms="903" status="PASS">
          <reporter-output>
          </reporter-output>
        </test-method> <!-- testScenario1 -->
        <test-method is-config="true" signature="tearDown()[pri:0, instance:lambdatestjava.LambdaTestJava@3e8c3cb]" started-at="2022-10-23T22:03:46 IST" name="tearDown" finished-at="2022-10-23T22:03:48 IST" duration-ms="1814" status="PASS">
          <reporter-output>
          </reporter-output>
        </test-method> <!-- tearDown -->
      </class> <!-- lambdatestjava.LambdaTestJava -->
    </test> <!-- IE Test -->
  </suite> <!-- Parallel Test Suite -->
</testng-results>
